<?xml version="1.0" encoding="UTF-8"?>
<!-- Generated by org.testng.reporters.JUnitXMLReporter -->
<testsuite ignored="0" hostname="LAPTOP-JK0MPD96" failures="0" tests="9" name="Regression Test" time="0.076" errors="0" timestamp="2023-02-24T17:20:45 IST">
  <testcase classname="GroupsPractice.TestCase1" name="test1" time="0.005"/>
  <testcase classname="GroupsPractice.TestCase1" name="test2" time="0.001"/>
  <testcase classname="GroupsPractice.TestCase1" name="test3" time="0.001"/>
  <testcase classname="GroupsPractice.TestCase2" name="test4" time="0.001"/>
  <testcase classname="GroupsPractice.TestCase2" name="test5" time="0.002"/>
  <testcase classname="GroupsPractice.TestCase2" name="test6" time="0.001"/>
  <testcase classname="GroupsPractice.TestCase3" name="test7" time="0.001"/>
  <testcase classname="GroupsPractice.TestCase3" name="test8" time="0.001"/>
  <testcase classname="GroupsPractice.TestCase3" name="test9" time="0.002"/>
</testsuite> <!-- Regression Test -->
