<?xml version="1.0" encoding="UTF-8"?>
<!-- Generated by org.testng.reporters.JUnitXMLReporter -->
<testsuite ignored="0" hostname="LAPTOP-JK0MPD96" failures="0" tests="6" name="FunctionalTest" time="0.074" errors="0" timestamp="2022-12-06T17:55:57 IST">
  <testcase classname="AnnotationsPractice.TestCase1" name="m1" time="0.006"/>
  <testcase classname="AnnotationsPractice.TestCase1" name="m2" time="0.001"/>
  <testcase classname="AnnotationsPractice.TestCase1" name="m3" time="0.002"/>
  <testcase classname="AnnotationsPractice.TestCase2" name="m4" time="0.001"/>
  <testcase classname="AnnotationsPractice.TestCase2" name="m5" time="0.002"/>
  <testcase classname="AnnotationsPractice.TestCase2" name="m6" time="0.001"/>
</testsuite> <!-- FunctionalTest -->
