<?xml version="1.0" encoding="UTF-8"?>
<!-- Generated by org.testng.reporters.JUnitXMLReporter -->
<testsuite ignored="0" hostname="LAPTOP-JK0MPD96" failures="0" tests="6" name="RegressionTest" time="0.082" errors="0" timestamp="2022-12-06T17:58:56 IST">
  <testcase classname="AnnotationsPractice.TestCase3" name="m1" time="0.005"/>
  <testcase classname="AnnotationsPractice.TestCase3" name="m2" time="0.002"/>
  <testcase classname="AnnotationsPractice.TestCase3" name="m3" time="0.002"/>
  <testcase classname="AnnotationsPractice.TestCase4" name="m4" time="0.002"/>
  <testcase classname="AnnotationsPractice.TestCase4" name="m5" time="0.001"/>
  <testcase classname="AnnotationsPractice.TestCase4" name="m6" time="0.001"/>
</testsuite> <!-- RegressionTest -->
