<?xml version="1.0" encoding="UTF-8"?>
<testng-results ignored="0" total="2" passed="2" failed="0" skipped="0">
  <reporter-output>
  </reporter-output>
  <suite started-at="2023-03-16T09:43:19 IST" name="Default suite" finished-at="2023-03-16T09:43:19 IST" duration-ms="61">
    <groups>
    </groups>
    <test started-at="2023-03-16T09:43:19 IST" name="Default test" finished-at="2023-03-16T09:43:19 IST" duration-ms="61">
      <class name="Basic.Practice">
        <test-method is-config="true" signature="openDB()[pri:0, instance:Basic.Practice@15bbf42f]" started-at="2023-03-16T09:43:19 IST" name="openDB" finished-at="2023-03-16T09:43:19 IST" duration-ms="8" status="PASS">
          <reporter-output>
          </reporter-output>
        </test-method> <!-- openDB -->
        <test-method is-config="true" signature="openBrowser()[pri:0, instance:Basic.Practice@15bbf42f]" started-at="2023-03-16T09:43:19 IST" name="openBrowser" finished-at="2023-03-16T09:43:19 IST" duration-ms="0" status="PASS">
          <reporter-output>
          </reporter-output>
        </test-method> <!-- openBrowser -->
        <test-method is-config="true" signature="login()[pri:0, instance:Basic.Practice@15bbf42f]" started-at="2023-03-16T09:43:19 IST" name="login" finished-at="2023-03-16T09:43:19 IST" duration-ms="0" status="PASS">
          <reporter-output>
          </reporter-output>
        </test-method> <!-- login -->
        <test-method signature="m1()[pri:0, instance:Basic.Practice@15bbf42f]" started-at="2023-03-16T09:43:19 IST" name="m1" finished-at="2023-03-16T09:43:19 IST" duration-ms="8" status="PASS">
          <reporter-output>
          </reporter-output>
        </test-method> <!-- m1 -->
        <test-method is-config="true" signature="logout()[pri:0, instance:Basic.Practice@15bbf42f]" started-at="2023-03-16T09:43:19 IST" name="logout" finished-at="2023-03-16T09:43:19 IST" duration-ms="1" status="PASS">
          <reporter-output>
          </reporter-output>
        </test-method> <!-- logout -->
        <test-method is-config="true" signature="login()[pri:0, instance:Basic.Practice@15bbf42f]" started-at="2023-03-16T09:43:19 IST" name="login" finished-at="2023-03-16T09:43:19 IST" duration-ms="1" status="PASS">
          <reporter-output>
          </reporter-output>
        </test-method> <!-- login -->
        <test-method signature="m2()[pri:0, instance:Basic.Practice@15bbf42f]" started-at="2023-03-16T09:43:19 IST" name="m2" finished-at="2023-03-16T09:43:19 IST" duration-ms="2" status="PASS">
          <reporter-output>
          </reporter-output>
        </test-method> <!-- m2 -->
        <test-method is-config="true" signature="logout()[pri:0, instance:Basic.Practice@15bbf42f]" started-at="2023-03-16T09:43:19 IST" name="logout" finished-at="2023-03-16T09:43:19 IST" duration-ms="0" status="PASS">
          <reporter-output>
          </reporter-output>
        </test-method> <!-- logout -->
        <test-method is-config="true" signature="closeBrowser()[pri:0, instance:Basic.Practice@15bbf42f]" started-at="2023-03-16T09:43:19 IST" name="closeBrowser" finished-at="2023-03-16T09:43:19 IST" duration-ms="0" status="PASS">
          <reporter-output>
          </reporter-output>
        </test-method> <!-- closeBrowser -->
        <test-method is-config="true" signature="closeDB()[pri:0, instance:Basic.Practice@15bbf42f]" started-at="2023-03-16T09:43:19 IST" name="closeDB" finished-at="2023-03-16T09:43:19 IST" duration-ms="0" status="PASS">
          <reporter-output>
          </reporter-output>
        </test-method> <!-- closeDB -->
      </class> <!-- Basic.Practice -->
    </test> <!-- Default test -->
  </suite> <!-- Default suite -->
</testng-results>
